[unimplemented] [DEBUG] ================ main() ===============
[unimplemented] [DEBUG] Initializing Window
[unimplemented] [DEBUG] Initializing GLFW
[unimplemented] [DEBUG] Running application
[unimplemented] [DEBUG] Loading resources
[unimplemented] [DEBUG] Starting loop...
[unimplemented] [DEBUG] ================= end =================
[unimplemented] [DEBUG] ================ main() ===============
[unimplemented] [DEBUG] Initializing Window
[unimplemented] [DEBUG] Initializing GLFW
[unimplemented] [DEBUG] Running application
[unimplemented] [DEBUG] Loading resources
[unimplemented] [DEBUG] Starting loop...
[unimplemented] [DEBUG] ================= end =================
[unimplemented] [DEBUG] ================ main() ===============
[unimplemented] [DEBUG] Initializing Window
[unimplemented] [DEBUG] Initializing GLFW
[unimplemented] [DEBUG] Running application
[unimplemented] [DEBUG] Loading resources
[unimplemented] [DEBUG] Starting loop...
[unimplemented] [DEBUG] ================= end =================
[unimplemented] [DEBUG] ================ main() ===============
[unimplemented] [INFO] Initializing Window
[unimplemented] [INFO] Initializing GLFW
[unimplemented] [INFO] Running application
[unimplemented] [INFO] Loading resources
[unimplemented] [INFO] Starting loop...
[unimplemented] [DEBUG] ================= end =================
[unimplemented] [DEBUG] ================ main() ===============
[unimplemented] [INFO] Initializing Window
[unimplemented] [INFO] Initializing GLFW
[unimplemented] [INFO] Running application
[unimplemented] [INFO] Loading resources
[unimplemented] [INFO] Starting loop...
[unimplemented] [DEBUG] ================= end =================
[unimplemented] [DEBUG] ================ main() ===============
[unimplemented] [DEBUG] arguments:
[unimplemented] [DEBUG] /home/small_sheep_/code/cpp/five-in-a-row-game/build/src/five-in-a-row-game
[unimplemented] [INFO] Initializing Window
[unimplemented] [INFO] Initializing GLFW
[unimplemented] [INFO] Running application
[unimplemented] [INFO] Loading resources
[unimplemented] [INFO] Starting loop...
[unimplemented] [DEBUG] ================= end =================
[unimplemented] [INFO] Time: 23538897437
[unimplemented] [DEBUG] ================ main() ===============
[unimplemented] [DEBUG] arguments:
[unimplemented] [DEBUG] /home/small_sheep_/code/cpp/five-in-a-row-game/build/src/five-in-a-row-game
[unimplemented] [INFO] Initializing Window
[unimplemented] [INFO] Initializing GLFW
[unimplemented] [INFO] Running application
[unimplemented] [INFO] Loading resources
[unimplemented] [INFO] Starting loop...
[unimplemented] [DEBUG] ================= end =================
[unimplemented] [INFO] Time: 5507760868000000ms
[unimplemented] [DEBUG] ================ main() ===============
[unimplemented] [DEBUG] arguments:
[unimplemented] [DEBUG] /home/small_sheep_/code/cpp/five-in-a-row-game/build/src/five-in-a-row-game
[unimplemented] [INFO] Initializing Window
[unimplemented] [INFO] Initializing GLFW
[unimplemented] [INFO] Running application
[unimplemented] [INFO] Loading resources
[unimplemented] [INFO] Starting loop...
[unimplemented] [DEBUG] ================= end =================
[unimplemented] [INFO] Time: 3716.439339ms
[unimplemented] [DEBUG] ================ main() ===============
[unimplemented] [DEBUG] arguments:
[unimplemented] [DEBUG] /home/small_sheep_/code/cpp/five-in-a-row-game/build/src/five-in-a-row-game
[unimplemented] [INFO] Initializing Window
[unimplemented] [INFO] Initializing GLFW
[unimplemented] [INFO] Running application
[unimplemented] [INFO] Loading resources
[unimplemented] [INFO] Starting loop...
[unimplemented] [DEBUG] ================= end =================
[unimplemented] [INFO] Time: 4512.083718ms
[unimplemented] [DEBUG] ================ main() ===============
[unimplemented] [DEBUG] arguments:
[unimplemented] [DEBUG] /home/small_sheep_/code/cpp/five-in-a-row-game/build/src/five-in-a-row-game
[unimplemented] [INFO] Initializing Window
[unimplemented] [INFO] Initializing GLFW
[unimplemented] [INFO] Creating window: width=800, height=660
[unimplemented] [INFO] Running application
[unimplemented] [INFO] Loading resources
[unimplemented] [INFO] Starting loop...
[unimplemented] [DEBUG] ================= end =================
[unimplemented] [INFO] Time: 4081.647136ms
[unimplemented] [DEBUG] ================ main() ===============
[unimplemented] [DEBUG] arguments:
[unimplemented] [DEBUG] /home/small_sheep_/code/cpp/five-in-a-row-game/build/src/five-in-a-row-game
[unimplemented] [INFO] Initializing Window
[unimplemented] [INFO] Initializing GLFW
[unimplemented] [INFO] Creating window: width=800, height=660
[unimplemented] [INFO] Time: 2055.646965ms
[unimplemented] [INFO] Running application
[unimplemented] [INFO] Loading resources
[unimplemented] [INFO] Starting loop...
[unimplemented] [DEBUG] ================= end =================
[unimplemented] [INFO] Time: 3752.432390ms
[unimplemented] [DEBUG] ================ main() ===============
[unimplemented] [DEBUG] arguments:
[unimplemented] [DEBUG] /home/small_sheep_/code/cpp/five-in-a-row-game/build/src/five-in-a-row-game
[unimplemented] [INFO] Initializing Window
[unimplemented] [INFO] Initializing GLFW
[unimplemented] [INFO] Creating window: width=800, height=660
[unimplemented] [INFO] Window creation time: 3460.330929ms
[unimplemented] [INFO] Running application
[unimplemented] [INFO] Loading resources
[unimplemented] [INFO] Starting loop...
[unimplemented] [DEBUG] ================= end =================
[unimplemented] [INFO] main() used time: 5371.951926ms
[unimplemented] [DEBUG] ================ main() ===============
[unimplemented] [DEBUG] arguments:
[unimplemented] [DEBUG] /home/small_sheep_/code/cpp/five-in-a-row-game/build/src/five-in-a-row-game
[unimplemented] [INFO] Initializing Window
[unimplemented] [INFO] Initializing GLFW
[unimplemented] [INFO] Creating window: width=800, height=660
[unimplemented] [DEBUG] Window creation time: 1997.976959ms
[unimplemented] [INFO] Running application
[unimplemented] [INFO] Loading resources
[unimplemented] [INFO] Starting loop...
[unimplemented] [DEBUG] ================= end =================
[unimplemented] [DEBUG] main() used time: 2981.318017ms
[unimplemented] [DEBUG] ================ main() ===============
[unimplemented] [DEBUG] arguments:
[unimplemented] [DEBUG] /home/small_sheep_/code/cpp/five-in-a-row-game/build/src/five-in-a-row-game
[unimplemented] [INFO] Initializing Window
[unimplemented] [INFO] Initializing GLFW
[unimplemented] [INFO] Creating window: width=800, height=660
[unimplemented] [DEBUG] Window creation time: 16743.868445ms
[unimplemented] [INFO] Running application
[unimplemented] [INFO] Loading resources
[unimplemented] [INFO] Starting loop...
[unimplemented] [DEBUG] ================= end =================
[unimplemented] [DEBUG] main() used time: 30907.273592ms
[unimplemented] [DEBUG] ================ main() ===============
[unimplemented] [DEBUG] arguments:
[unimplemented] [DEBUG] /home/small_sheep_/code/cpp/five-in-a-row-game/build/src/five-in-a-row-game
[unimplemented] [INFO] Initializing Window
[unimplemented] [INFO] Initializing GLFW
[unimplemented] [INFO] Creating window: width=800, height=660
[unimplemented] [DEBUG] Window creation time: 3422.391346ms
[unimplemented] [INFO] Running application
[unimplemented] [INFO] Loading resources
[unimplemented] [INFO] Starting loop...
[unimplemented] [DEBUG] ================= end =================
[unimplemented] [DEBUG] main() used time: 9986.596209ms
[unimplemented] [DEBUG] ================ main() ===============
[unimplemented] [DEBUG] arguments:
[unimplemented] [DEBUG] /home/small_sheep_/code/cpp/five-in-a-row-game/build/src/five-in-a-row-game
[unimplemented] [INFO] Initializing Window
[unimplemented] [INFO] Initializing GLFW
[unimplemented] [INFO] Creating window: width=800, height=660
[unimplemented] [DEBUG] Window creation time: 698.734636ms
[unimplemented] [INFO] Running application
[unimplemented] [INFO] Loading resources
[unimplemented] [INFO] Starting loop...
[unimplemented] [DEBUG] ================= end =================
[unimplemented] [DEBUG] main() used time: 11479.016560ms
[unimplemented] [DEBUG] ================ main() ===============
[unimplemented] [DEBUG] arguments:
[unimplemented] [DEBUG] /home/small_sheep_/code/cpp/five-in-a-row-game/build/src/five-in-a-row-game
[unimplemented] [INFO] Initializing Window
[unimplemented] [INFO] Initializing GLFW
[unimplemented] [INFO] Creating window: width=800, height=660
[unimplemented] [DEBUG] Window creation time: 708.496393ms
[unimplemented] [INFO] Running application
[unimplemented] [INFO] Loading resources
[unimplemented] [INFO] Starting loop...
[unimplemented] [DEBUG] ================= end =================
[unimplemented] [DEBUG] main() used time: 5208.893241ms
[unimplemented] [DEBUG] ================ main() ===============
[unimplemented] [DEBUG] arguments:
[unimplemented] [DEBUG] /home/small_sheep_/code/cpp/five-in-a-row-game/build/src/five-in-a-row-game
[unimplemented] [INFO] Initializing Window
[unimplemented] [INFO] Initializing GLFW
[unimplemented] [INFO] Creating window: width=800, height=660
[unimplemented] [DEBUG] Window creation time: 1255.864693ms
[unimplemented] [INFO] Running application
[unimplemented] [INFO] Loading resources
[unimplemented] [INFO] Starting loop...
[unimplemented] [INFO] Starting game...
[unimplemented] [DEBUG] Key: G pressed
[unimplemented] [DEBUG] Key: G released
[unimplemented] [DEBUG] Key: S pressed
[unimplemented] [DEBUG] Key: S repeated
[unimplemented] [DEBUG] Key: S repeated
[unimplemented] [DEBUG] Key: S repeated
[unimplemented] [DEBUG] Key: S repeated
[unimplemented] [DEBUG] Key: S repeated
[unimplemented] [DEBUG] Key: S repeated
[unimplemented] [DEBUG] Key: S repeated
[unimplemented] [DEBUG] Key: S repeated
[unimplemented] [DEBUG] Key: S released
[unimplemented] [DEBUG] Key: D pressed
[unimplemented] [DEBUG] Key: D repeated
[unimplemented] [DEBUG] Key: D repeated
[unimplemented] [DEBUG] Key: D repeated
[unimplemented] [DEBUG] Key: D released
[unimplemented] [DEBUG] Key: D pressed
[unimplemented] [DEBUG] Key: D released
[unimplemented] [DEBUG] Key: S pressed
[unimplemented] [DEBUG] Key: S repeated
[unimplemented] [DEBUG] Key: S repeated
[unimplemented] [DEBUG] Key: S repeated
[unimplemented] [DEBUG] Key: S repeated
[unimplemented] [DEBUG] Key: S repeated
[unimplemented] [DEBUG] Key: S repeated
[unimplemented] [DEBUG] Key: S repeated
[unimplemented] [DEBUG] Key: S repeated
[unimplemented] [DEBUG] Key: S repeated
[unimplemented] [DEBUG] Key: S repeated
[unimplemented] [DEBUG] Key: S released
[unimplemented] [DEBUG] Key: D pressed
[unimplemented] [DEBUG] Key: D repeated
[unimplemented] [DEBUG] Key: D repeated
[unimplemented] [DEBUG] Key: D repeated
[unimplemented] [DEBUG] Key: D released
[unimplemented] [DEBUG] Key: S pressed
[unimplemented] [DEBUG] Key: A pressed
[unimplemented] [DEBUG] Key: S released
[unimplemented] [DEBUG] Key: A repeated
[unimplemented] [DEBUG] Key: A repeated
[unimplemented] [DEBUG] Key: A repeated
[unimplemented] [DEBUG] Key: A repeated
[unimplemented] [DEBUG] Key: A repeated
[unimplemented] [DEBUG] Key: W pressed
[unimplemented] [DEBUG] Key: W released
[unimplemented] [DEBUG] Key: A released
[unimplemented] [DEBUG] Key: S pressed
[unimplemented] [DEBUG] Key: S repeated
[unimplemented] [DEBUG] Key: S repeated
[unimplemented] [DEBUG] Key: S repeated
[unimplemented] [DEBUG] Key: S released
[unimplemented] [INFO] Starting game...
[unimplemented] [DEBUG] Key: G pressed
[unimplemented] [DEBUG] Key: G released
[unimplemented] [DEBUG] Key: S pressed
[unimplemented] [DEBUG] Key: S repeated
[unimplemented] [DEBUG] Key: S repeated
[unimplemented] [DEBUG] Key: S repeated
[unimplemented] [DEBUG] Key: S repeated
[unimplemented] [DEBUG] Key: S released
[unimplemented] [INFO] Starting game...
[unimplemented] [DEBUG] Key: G pressed
[unimplemented] [DEBUG] Key: G released
[unimplemented] [INFO] Starting game...
[unimplemented] [DEBUG] Key: G pressed
[unimplemented] [DEBUG] Key: G released
[unimplemented] [DEBUG] Key: A pressed
[unimplemented] [DEBUG] Key: A repeated
[unimplemented] [DEBUG] Key: A repeated
[unimplemented] [DEBUG] Key: A repeated
[unimplemented] [DEBUG] Key: A repeated
[unimplemented] [DEBUG] Key: A repeated
[unimplemented] [DEBUG] Key: A repeated
[unimplemented] [DEBUG] Key: A repeated
[unimplemented] [DEBUG] Key: A repeated
[unimplemented] [DEBUG] Key: A repeated
[unimplemented] [DEBUG] Key: A repeated
[unimplemented] [DEBUG] Key: A repeated
[unimplemented] [DEBUG] Key: W pressed
[unimplemented] [DEBUG] Key: W repeated
[unimplemented] [INFO] Starting game...
[unimplemented] [DEBUG] Key: G pressed
[unimplemented] [DEBUG] Key: G released
[unimplemented] [DEBUG] Key: A released
[unimplemented] [DEBUG] Key: D pressed
[unimplemented] [DEBUG] Key: D repeated
[unimplemented] [DEBUG] Key: D repeated
[unimplemented] [DEBUG] Key: D repeated
[unimplemented] [DEBUG] Key: D repeated
[unimplemented] [DEBUG] Key: D repeated
[unimplemented] [DEBUG] Key: D repeated
[unimplemented] [DEBUG] Key: W released
[unimplemented] [DEBUG] Key: D repeated
[unimplemented] [DEBUG] Key: D repeated
[unimplemented] [DEBUG] Key: D repeated
[unimplemented] [DEBUG] Key: D repeated
[unimplemented] [DEBUG] Key: D repeated
[unimplemented] [DEBUG] Key: D repeated
[unimplemented] [DEBUG] Key: D repeated
[unimplemented] [DEBUG] Key: D repeated
[unimplemented] [DEBUG] Key: D repeated
[unimplemented] [DEBUG] Key: D repeated
[unimplemented] [DEBUG] Key: S pressed
[unimplemented] [DEBUG] Key: S repeated
[unimplemented] [DEBUG] Key: S repeated
[unimplemented] [DEBUG] Key: S repeated
[unimplemented] [DEBUG] Key: S repeated
[unimplemented] [DEBUG] Key: S repeated
[unimplemented] [DEBUG] Key: S repeated
[unimplemented] [DEBUG] Key: S repeated
[unimplemented] [DEBUG] Key: S repeated
[unimplemented] [DEBUG] Key: S repeated
[unimplemented] [DEBUG] Key: D released
[unimplemented] [DEBUG] Key: S repeated
[unimplemented] [DEBUG] Key: A pressed
[unimplemented] [DEBUG] Key: A repeated
[unimplemented] [DEBUG] Key: A repeated
[unimplemented] [DEBUG] Key: A repeated
[unimplemented] [DEBUG] Key: A repeated
[unimplemented] [DEBUG] Key: A repeated
[unimplemented] [DEBUG] Key: A repeated
[unimplemented] [DEBUG] Key: A repeated
[unimplemented] [DEBUG] Key: A repeated
[unimplemented] [DEBUG] Key: A repeated
[unimplemented] [DEBUG] Key: A repeated
[unimplemented] [DEBUG] Key: A repeated
[unimplemented] [DEBUG] Key: A repeated
[unimplemented] [DEBUG] Key: A repeated
[unimplemented] [DEBUG] Key: A repeated
[unimplemented] [DEBUG] Key: A repeated
[unimplemented] [DEBUG] Key: A repeated
[unimplemented] [DEBUG] Key: A released
[unimplemented] [DEBUG] Key: D pressed
[unimplemented] [DEBUG] Key: S released
[unimplemented] [DEBUG] Key: D released
[unimplemented] [DEBUG] Key: unimplemented key pressed
[unimplemented] [DEBUG] ================= end =================
[unimplemented] [DEBUG] main() used time: 32324.528886ms
[unimplemented] [DEBUG] ================ main() ===============
[unimplemented] [DEBUG] arguments:
[unimplemented] [DEBUG] /home/small_sheep_/code/cpp/five-in-a-row-game/build/src/five-in-a-row-game
[unimplemented] [INFO] Initializing Window
[unimplemented] [INFO] Initializing GLFW
[unimplemented] [INFO] Creating window: width=800, height=660
[unimplemented] [DEBUG] Window creation time: 611.624497ms
[unimplemented] [INFO] Running application
[unimplemented] [INFO] Loading resources
[unimplemented] [INFO] Starting loop...
[unimplemented] [DEBUG] fps=3
[unimplemented] [DEBUG] fps=47
[unimplemented] [DEBUG] fps=111
[unimplemented] [DEBUG] fps=114
[unimplemented] [DEBUG] fps=98
[unimplemented] [DEBUG] fps=100
[unimplemented] [DEBUG] fps=97
[unimplemented] [DEBUG] fps=92
[unimplemented] [DEBUG] fps=108
[unimplemented] [DEBUG] fps=97
[unimplemented] [DEBUG] fps=77
[unimplemented] [DEBUG] fps=100
[unimplemented] [DEBUG] fps=92
[unimplemented] [DEBUG] fps=104
[unimplemented] [DEBUG] fps=53
[unimplemented] [DEBUG] fps=96
[unimplemented] [DEBUG] fps=128
[unimplemented] [DEBUG] fps=133
[unimplemented] [DEBUG] fps=93
[unimplemented] [DEBUG] fps=117
[unimplemented] [DEBUG] fps=114
[unimplemented] [DEBUG] fps=87
[unimplemented] [DEBUG] fps=90
[unimplemented] [DEBUG] fps=90
[unimplemented] [DEBUG] fps=90
[unimplemented] [DEBUG] fps=87
[unimplemented] [DEBUG] fps=93
[unimplemented] [DEBUG] fps=91
[unimplemented] [DEBUG] fps=99
[unimplemented] [DEBUG] fps=84
[unimplemented] [DEBUG] fps=98
[unimplemented] [DEBUG] fps=89
[unimplemented] [DEBUG] fps=74
[unimplemented] [DEBUG] fps=96
[unimplemented] [DEBUG] fps=91
[unimplemented] [DEBUG] fps=116
[unimplemented] [DEBUG] fps=97
[unimplemented] [DEBUG] fps=125
[unimplemented] [DEBUG] fps=101
[unimplemented] [DEBUG] fps=96
[unimplemented] [DEBUG] fps=88
[unimplemented] [DEBUG] fps=89
[unimplemented] [DEBUG] fps=91
[unimplemented] [DEBUG] fps=90
[unimplemented] [DEBUG] fps=108
[unimplemented] [DEBUG] fps=82
[unimplemented] [DEBUG] fps=101
[unimplemented] [DEBUG] fps=95
[unimplemented] [DEBUG] fps=88
[unimplemented] [DEBUG] fps=96
[unimplemented] [DEBUG] fps=101
[unimplemented] [DEBUG] fps=91
[unimplemented] [DEBUG] fps=88
[unimplemented] [DEBUG] fps=103
[unimplemented] [DEBUG] fps=100
[unimplemented] [DEBUG] fps=84
[unimplemented] [DEBUG] fps=224
[unimplemented] [DEBUG] fps=67
[unimplemented] [DEBUG] fps=103
[unimplemented] [DEBUG] fps=94
[unimplemented] [DEBUG] fps=99
[unimplemented] [DEBUG] fps=121
[unimplemented] [DEBUG] fps=96
[unimplemented] [DEBUG] fps=115
[unimplemented] [DEBUG] fps=114
[unimplemented] [DEBUG] fps=97
[unimplemented] [DEBUG] fps=123
[unimplemented] [DEBUG] fps=109
[unimplemented] [DEBUG] fps=89
[unimplemented] [DEBUG] fps=120
[unimplemented] [DEBUG] fps=96
[unimplemented] [DEBUG] fps=93
[unimplemented] [DEBUG] fps=97
[unimplemented] [DEBUG] fps=92
[unimplemented] [DEBUG] fps=87
[unimplemented] [DEBUG] fps=77
[unimplemented] [DEBUG] fps=91
[unimplemented] [DEBUG] fps=93
[unimplemented] [DEBUG] fps=108
[unimplemented] [DEBUG] fps=98
[unimplemented] [DEBUG] fps=97
[unimplemented] [DEBUG] fps=92
[unimplemented] [DEBUG] fps=77
[unimplemented] [DEBUG] fps=116
[unimplemented] [DEBUG] fps=106
[unimplemented] [DEBUG] fps=92
[unimplemented] [DEBUG] fps=95
[unimplemented] [DEBUG] fps=108
[unimplemented] [DEBUG] fps=83
[unimplemented] [DEBUG] fps=81
[unimplemented] [DEBUG] fps=118
[unimplemented] [DEBUG] fps=96
[unimplemented] [DEBUG] fps=95
[unimplemented] [DEBUG] fps=83
[unimplemented] [DEBUG] fps=78
[unimplemented] [DEBUG] fps=90
[unimplemented] [DEBUG] fps=82
[unimplemented] [DEBUG] fps=93
[unimplemented] [DEBUG] fps=95
[unimplemented] [DEBUG] fps=91
[unimplemented] [DEBUG] fps=81
[unimplemented] [DEBUG] fps=85
[unimplemented] [DEBUG] fps=115
[unimplemented] [DEBUG] fps=96
[unimplemented] [DEBUG] fps=90
[unimplemented] [DEBUG] fps=90
[unimplemented] [DEBUG] fps=96
[unimplemented] [DEBUG] fps=79
[unimplemented] [DEBUG] fps=92
[unimplemented] [DEBUG] fps=93
[unimplemented] [DEBUG] fps=86
[unimplemented] [DEBUG] fps=99
[unimplemented] [DEBUG] fps=87
[unimplemented] [DEBUG] fps=95
[unimplemented] [DEBUG] fps=88
[unimplemented] [DEBUG] fps=89
[unimplemented] [DEBUG] fps=87
[unimplemented] [DEBUG] fps=93
[unimplemented] [DEBUG] fps=96
[unimplemented] [DEBUG] fps=103
[unimplemented] [DEBUG] fps=86
[unimplemented] [DEBUG] fps=96
[unimplemented] [DEBUG] fps=89
[unimplemented] [DEBUG] fps=102
[unimplemented] [DEBUG] fps=89
[unimplemented] [DEBUG] fps=118
[unimplemented] [DEBUG] fps=98
[unimplemented] [DEBUG] fps=98
[unimplemented] [DEBUG] fps=97
[unimplemented] [DEBUG] fps=101
[unimplemented] [DEBUG] fps=96
[unimplemented] [DEBUG] fps=85
[unimplemented] [DEBUG] fps=81
[unimplemented] [DEBUG] fps=84
[unimplemented] [DEBUG] fps=77
[unimplemented] [DEBUG] fps=97
[unimplemented] [DEBUG] fps=130
[unimplemented] [DEBUG] fps=100
[unimplemented] [DEBUG] fps=123
[unimplemented] [DEBUG] fps=98
[unimplemented] [DEBUG] fps=117
[unimplemented] [DEBUG] fps=107
[unimplemented] [DEBUG] fps=109
[unimplemented] [DEBUG] fps=103
[unimplemented] [DEBUG] fps=99
[unimplemented] [DEBUG] fps=107
[unimplemented] [DEBUG] fps=107
[unimplemented] [DEBUG] fps=98
[unimplemented] [DEBUG] fps=82
[unimplemented] [DEBUG] fps=82
[unimplemented] [DEBUG] fps=96
[unimplemented] [DEBUG] fps=102
[unimplemented] [DEBUG] fps=126
[unimplemented] [DEBUG] fps=112
[unimplemented] [DEBUG] fps=99
[unimplemented] [DEBUG] fps=89
[unimplemented] [DEBUG] fps=99
[unimplemented] [DEBUG] fps=99
[unimplemented] [DEBUG] fps=82
[unimplemented] [DEBUG] fps=99
[unimplemented] [DEBUG] fps=101
[unimplemented] [DEBUG] fps=127
[unimplemented] [DEBUG] fps=114
[unimplemented] [DEBUG] fps=80
[unimplemented] [DEBUG] fps=100
[unimplemented] [DEBUG] fps=95
[unimplemented] [DEBUG] fps=94
[unimplemented] [DEBUG] fps=91
[unimplemented] [DEBUG] fps=86
[unimplemented] [DEBUG] fps=90
[unimplemented] [DEBUG] fps=96
[unimplemented] [DEBUG] fps=87
[unimplemented] [DEBUG] fps=93
[unimplemented] [DEBUG] fps=88
[unimplemented] [DEBUG] fps=89
[unimplemented] [DEBUG] fps=101
[unimplemented] [DEBUG] fps=96
[unimplemented] [DEBUG] fps=156
[unimplemented] [DEBUG] fps=81
[unimplemented] [DEBUG] fps=90
[unimplemented] [DEBUG] fps=119
[unimplemented] [DEBUG] fps=84
[unimplemented] [DEBUG] fps=94
[unimplemented] [DEBUG] fps=79
[unimplemented] [DEBUG] fps=84
[unimplemented] [DEBUG] fps=95
[unimplemented] [DEBUG] fps=82
[unimplemented] [DEBUG] fps=83
[unimplemented] [DEBUG] fps=97
[unimplemented] [DEBUG] fps=74
[unimplemented] [DEBUG] fps=94
[unimplemented] [DEBUG] fps=96
[unimplemented] [DEBUG] fps=93
[unimplemented] [DEBUG] fps=98
[unimplemented] [DEBUG] fps=82
[unimplemented] [DEBUG] fps=82
[unimplemented] [DEBUG] fps=80
[unimplemented] [DEBUG] fps=95
[unimplemented] [DEBUG] fps=88
[unimplemented] [DEBUG] fps=94
[unimplemented] [DEBUG] fps=94
[unimplemented] [DEBUG] fps=108
[unimplemented] [DEBUG] fps=73
[unimplemented] [DEBUG] fps=62
[unimplemented] [DEBUG] fps=114
[unimplemented] [DEBUG] fps=114
[unimplemented] [DEBUG] fps=97
[unimplemented] [DEBUG] fps=92
[unimplemented] [DEBUG] fps=102
[unimplemented] [DEBUG] fps=84
[unimplemented] [DEBUG] fps=104
[unimplemented] [DEBUG] fps=95
[unimplemented] [DEBUG] fps=99
[unimplemented] [DEBUG] fps=85
[unimplemented] [DEBUG] fps=121
[unimplemented] [DEBUG] fps=119
[unimplemented] [DEBUG] fps=124
[unimplemented] [DEBUG] fps=101
[unimplemented] [DEBUG] fps=101
[unimplemented] [DEBUG] fps=76
[unimplemented] [DEBUG] fps=81
[unimplemented] [DEBUG] fps=121
[unimplemented] [DEBUG] fps=110
[unimplemented] [DEBUG] fps=102
[unimplemented] [DEBUG] fps=106
[unimplemented] [DEBUG] fps=101
[unimplemented] [DEBUG] fps=114
[unimplemented] [DEBUG] fps=121
[unimplemented] [DEBUG] fps=107
[unimplemented] [DEBUG] fps=93
[unimplemented] [DEBUG] fps=100
[unimplemented] [DEBUG] fps=98
[unimplemented] [DEBUG] fps=102
[unimplemented] [DEBUG] fps=97
[unimplemented] [DEBUG] fps=76
[unimplemented] [DEBUG] fps=99
[unimplemented] [DEBUG] fps=82
[unimplemented] [DEBUG] fps=104
[unimplemented] [DEBUG] fps=130
[unimplemented] [DEBUG] fps=111
[unimplemented] [DEBUG] fps=95
[unimplemented] [DEBUG] fps=101
[unimplemented] [DEBUG] fps=122
[unimplemented] [DEBUG] fps=105
[unimplemented] [DEBUG] fps=103
[unimplemented] [DEBUG] fps=98
[unimplemented] [DEBUG] fps=88
[unimplemented] [DEBUG] fps=102
[unimplemented] [DEBUG] fps=100
[unimplemented] [DEBUG] fps=88
[unimplemented] [DEBUG] fps=102
[unimplemented] [DEBUG] fps=104
[unimplemented] [DEBUG] fps=81
[unimplemented] [DEBUG] fps=114
[unimplemented] [DEBUG] fps=84
[unimplemented] [DEBUG] fps=84
[unimplemented] [DEBUG] fps=97
[unimplemented] [DEBUG] fps=96
[unimplemented] [DEBUG] fps=97
[unimplemented] [DEBUG] fps=81
[unimplemented] [DEBUG] Key: unimplemented key pressed
[unimplemented] [DEBUG] ================= end =================
[unimplemented] [DEBUG] main() used time: 3579.038000ms
